\BOOKMARK [1][-]{section.1}{\376\377\000W\000s\000t\001\031\000p}{}% 1
\BOOKMARK [2][-]{subsection.1.1}{\376\377\000C\000e\000l\000\040\000p\000r\000o\000j\000e\000k\000t\000u}{section.1}% 2
\BOOKMARK [2][-]{subsection.1.2}{\376\377\000Z\000a\000k\000r\000e\000s}{section.1}% 3
\BOOKMARK [2][-]{subsection.1.3}{\376\377\000Z\000e\000s\000p\000\363\001\102\000\040\000i\000\040\000p\000o\000d\000z\000i\000a\001\102\000\040\000p\000r\000a\000c\000y}{section.1}% 4
\BOOKMARK [1][-]{section.2}{\376\377\000W\000y\000m\000a\000g\000a\000n\000i\000a}{}% 5
\BOOKMARK [2][-]{subsection.2.1}{\376\377\000W\000y\000m\000a\000g\000a\000n\000i\000a\000\040\000f\000u\000n\000k\000c\000j\000o\000n\000a\000l\000n\000e}{section.2}% 6
\BOOKMARK [2][-]{subsection.2.2}{\376\377\000W\000y\000m\000a\000g\000a\000n\000i\000a\000\040\000n\000i\000e\000f\000u\000n\000k\000c\000j\000o\000n\000a\000l\000n\000e}{section.2}% 7
\BOOKMARK [1][-]{section.3}{\376\377\000A\000r\000c\000h\000i\000t\000e\000k\000t\000u\000r\000a\000\040\000s\000y\000s\000t\000e\000m\000u}{}% 8
\BOOKMARK [2][-]{subsection.3.1}{\376\377\000S\000t\000o\000s\000\040\000t\000e\000c\000h\000n\000o\000l\000o\000g\000i\000c\000z\000n\000y}{section.3}% 9
\BOOKMARK [1][-]{section.4}{\376\377\000M\000o\000d\000e\000l\000\040\000d\000a\000n\000y\000c\000h}{}% 10
\BOOKMARK [2][-]{subsection.4.1}{\376\377\000D\000i\000a\000g\000r\000a\000m\000\040\000e\000n\000c\000j\000i}{section.4}% 11
\BOOKMARK [2][-]{subsection.4.2}{\376\377\000G\001\102\000\363\000w\000n\000e\000\040\000t\000a\000b\000e\000l\000e}{section.4}% 12
\BOOKMARK [2][-]{subsection.4.3}{\376\377\000K\000l\000u\000c\000z\000e\000\040\000h\000y\000b\000r\000y\000d\000o\000w\000e}{section.4}% 13
\BOOKMARK [2][-]{subsection.4.4}{\376\377\000M\000i\000g\000r\000a\000c\000j\000e\000\040\000F\000l\000y\000w\000a\000y}{section.4}% 14
\BOOKMARK [1][-]{section.5}{\376\377\000L\000o\000g\000i\000k\000a\000\040\000w\000\040\000b\000a\000z\000i\000e\000\040\000d\000a\000n\000y\000c\000h}{}% 15
\BOOKMARK [2][-]{subsection.5.1}{\376\377\000M\000a\000s\000z\000y\000n\000a\000\040\000s\000t\000a\000n\000\363\000w\000\040\000w\000n\000i\000o\000s\000k\000u}{section.5}% 16
\BOOKMARK [2][-]{subsection.5.2}{\376\377\000P\000a\000k\000i\000e\000t\000\040\000f\000i\000n\000a\000n\000s\000i\000s\000t\000a\000\137\000p\000k\000g\000\040\000\050\000V\0005\000\051}{section.5}% 17
\BOOKMARK [2][-]{subsection.5.3}{\376\377\000T\000r\000i\000g\000g\000e\000r\000y\000\040\000\050\000V\0004\000\051}{section.5}% 18
\BOOKMARK [2][-]{subsection.5.4}{\376\377\000M\000a\000s\000z\000y\000n\000a\000\040\000s\000t\000a\000n\000\363\000w\000\040\000\050\000V\0007\000\051}{section.5}% 19
\BOOKMARK [2][-]{subsection.5.5}{\376\377\000W\000i\000d\000o\000k\000i\000\040\000\050\000V\0003\000\051}{section.5}% 20
\BOOKMARK [2][-]{subsection.5.6}{\376\377\000I\000n\000d\000e\000k\000s\000y\000\040\000w\000y\000d\000a\000j\000n\000o\001\133\000c\000i\000o\000w\000e\000\040\000\050\000V\0006\000\051}{section.5}% 21
\BOOKMARK [2][-]{subsection.5.7}{\376\377\000W\000y\000n\000i\000k\000i\000\040\000t\000e\000s\000t\000\363\000w\000\040\000w\000y\000d\000a\000j\000n\000o\001\133\000c\000i\000o\000w\000y\000c\000h\000\040\000\050\0001\000k\000\040\040\023\000\040\0001\000M\000\051}{section.5}% 22
\BOOKMARK [1][-]{section.6}{\376\377\000R\000E\000S\000T\000\040\000A\000P\000I}{}% 23
\BOOKMARK [2][-]{subsection.6.1}{\376\377\000N\000a\000j\000w\000a\001\174\000n\000i\000e\000j\000s\000z\000e\000\040\000e\000n\000d\000p\000o\000i\000n\000t\000y}{section.6}% 24
\BOOKMARK [2][-]{subsection.6.2}{\376\377\000S\000p\000e\000c\000y\000f\000i\000k\000a\000c\000j\000a\000\040\000O\000p\000e\000n\000A\000P\000I\000\040\000\050\000S\000w\000a\000g\000g\000e\000r\000\040\000U\000I\000\051}{section.6}% 25
\BOOKMARK [2][-]{subsection.6.3}{\376\377\000P\000a\000g\000i\000n\000a\000c\000j\000a\000\040\000l\000i\000s\000t\000y\000\040\000w\000n\000i\000o\000s\000k\000\363\000w}{section.6}% 26
\BOOKMARK [1][-]{section.7}{\376\377\000B\000e\000z\000p\000i\000e\000c\000z\000e\001\104\000s\000t\000w\000o}{}% 27
\BOOKMARK [2][-]{subsection.7.1}{\376\377\000U\000w\000i\000e\000r\000z\000y\000t\000e\000l\000n\000i\000a\000n\000i\000e}{section.7}% 28
\BOOKMARK [2][-]{subsection.7.2}{\376\377\000A\000u\000t\000o\000r\000y\000z\000a\000c\000j\000a\000\040\000o\000p\000a\000r\000t\000a\000\040\000n\000a\000\040\000r\000o\000l\000a\000c\000h}{section.7}% 29
\BOOKMARK [2][-]{subsection.7.3}{\376\377\000Z\000a\000b\000e\000z\000p\000i\000e\000c\000z\000e\000n\000i\000a\000\040\000f\000o\000r\000m\000u\000l\000a\000r\000z\000y}{section.7}% 30
\BOOKMARK [1][-]{section.8}{\376\377\000F\000r\000o\000n\000t\000e\000n\000d\000\040\000i\000\040\000d\000o\000s\000t\001\031\000p\000n\000o\001\133\001\007}{}% 31
\BOOKMARK [2][-]{subsection.8.1}{\376\377\000D\000o\000s\000t\001\031\000p\000n\000o\001\133\001\007}{section.8}% 32
\BOOKMARK [1][-]{section.9}{\376\377\000T\000e\000s\000t\000y\000\040\000w\000y\000d\000a\000j\000n\000o\001\133\000c\000i\000o\000w\000e}{}% 33
\BOOKMARK [2][-]{subsection.9.1}{\376\377\000T\000e\000s\000t\000y\000\040\000b\000a\000z\000o\000d\000a\000n\000o\000w\000e\000\040\000\050\000S\000Q\000L\000\051}{section.9}% 34
\BOOKMARK [2][-]{subsection.9.2}{\376\377\000T\000e\000s\000t\000y\000\040\000e\000n\000d\000p\000o\000i\000n\000t\000\363\000w\000\040\000R\000E\000S\000T\000\040\000\050\000k\0006\000\051\000\040\000-\000\040\000p\000u\000n\000k\000t\000\040\000d\000o\000d\000a\000t\000k\000o\000w\000y}{section.9}% 35
\BOOKMARK [1][-]{section.10}{\376\377\000U\000r\000u\000c\000h\000o\000m\000i\000e\000n\000i\000e\000\040\000s\000y\000s\000t\000e\000m\000u}{}% 36
\BOOKMARK [2][-]{subsection.10.1}{\376\377\000W\000y\000m\000a\000g\000a\000n\000i\000a}{section.10}% 37
\BOOKMARK [2][-]{subsection.10.2}{\376\377\000K\000r\000o\000k\000\040\000p\000o\000\040\000k\000r\000o\000k\000u}{section.10}% 38
\BOOKMARK [2][-]{subsection.10.3}{\376\377\000K\000o\000n\000t\000a\000\040\000t\000e\000s\000t\000o\000w\000e}{section.10}% 39
\BOOKMARK [1][-]{section.11}{\376\377\000P\000o\000d\000s\000u\000m\000o\000w\000a\000n\000i\000e}{}% 40
